

Microchip MPLAB XC8 Assembler V2.31 build 20201012212115 
                                                                                               Mon Feb 01 11:44:24 2021

Microchip MPLAB XC8 C Compiler v2.31 (Free license) build 20201012212115 Og1 
     1                           	processor	16F887
     2                           	pagewidth 120
     3                           	opt	flic
     4                           	psect	cinit,global,class=CODE,merge=1,delta=2
     5                           	psect	cstackCOMMON,global,class=COMMON,space=1,delta=1,noexec
     6                           	psect	maintext,global,class=CODE,split=1,delta=2
     7                           	psect	text1,local,class=CODE,merge=1,delta=2
     8                           	psect	text2,local,class=CODE,merge=1,delta=2
     9                           	psect	intentry,global,class=CODE,delta=2
    10                           	psect	config,global,abs,ovrld,class=CONFIG,space=4,delta=2,noexec
    11                           	dabs	1,0x7E,2
    12  0000                     
    13                           ; Version 2.20
    14                           ; Generated 12/02/2020 GMT
    15                           ; 
    16                           ; Copyright © 2020, Microchip Technology Inc. and its subsidiaries ("Microchip")
    17                           ; All rights reserved.
    18                           ; 
    19                           ; This software is developed by Microchip Technology Inc. and its subsidiaries ("Microch
      +                          ip").
    20                           ; 
    21                           ; Redistribution and use in source and binary forms, with or without modification, are
    22                           ; permitted provided that the following conditions are met:
    23                           ; 
    24                           ;     1. Redistributions of source code must retain the above copyright notice, this lis
      +                          t of
    25                           ;        conditions and the following disclaimer.
    26                           ; 
    27                           ;     2. Redistributions in binary form must reproduce the above copyright notice, this 
      +                          list
    28                           ;        of conditions and the following disclaimer in the documentation and/or other
    29                           ;        materials provided with the distribution.
    30                           ; 
    31                           ;     3. Microchip's name may not be used to endorse or promote products derived from th
      +                          is
    32                           ;        software without specific prior written permission.
    33                           ; 
    34                           ; THIS SOFTWARE IS PROVIDED BY MICROCHIP "AS IS" AND ANY EXPRESS OR IMPLIED WARRANTIES,
    35                           ; INCLUDING, BUT NOT LIMITED TO, THE IMPLIED WARRANTIES OF MERCHANTABILITY AND FITNESS F
      +                          OR
    36                           ; PURPOSE ARE DISCLAIMED.  IN NO EVENT SHALL MICROCHIP BE LIABLE FOR ANY DIRECT, INDIREC
      +                          T,
    37                           ; INCIDENTAL, SPECIAL, EXEMPLARY, OR CONSEQUENTIAL DAMAGES (INCLUDING BUT NOT LIMITED TO
    38                           ; PROCUREMENT OF SUBSTITUTE GOODS OR SERVICES; LOSS OF USE, DATA OR PROFITS; OR BUSINESS
    39                           ; INTERRUPTION) HOWSOEVER CAUSED AND ON ANY THEORY OF LIABILITY, WHETHER IN CONTRACT, ST
      +                          RICT
    40                           ; LIABILITY, OR TORT (INCLUDING NEGLIGENCE OR OTHERWISE) ARISING IN ANY WAY OUT OF THE U
      +                          SE OF
    41                           ; THIS SOFTWARE, EVEN IF ADVISED OF THE POSSIBILITY OF SUCH DAMAGE.
    42                           ; 
    43                           ; 
    44                           ; Code-generator required, PIC16F887 Definitions
    45                           ; 
    46                           ; SFR Addresses
    47  0000                     	;# 
    48  0001                     	;# 
    49  0002                     	;# 
    50  0003                     	;# 
    51  0004                     	;# 
    52  0005                     	;# 
    53  0006                     	;# 
    54  0007                     	;# 
    55  0008                     	;# 
    56  0009                     	;# 
    57  000A                     	;# 
    58  000B                     	;# 
    59  000C                     	;# 
    60  000D                     	;# 
    61  000E                     	;# 
    62  000E                     	;# 
    63  000F                     	;# 
    64  0010                     	;# 
    65  0011                     	;# 
    66  0012                     	;# 
    67  0013                     	;# 
    68  0014                     	;# 
    69  0015                     	;# 
    70  0015                     	;# 
    71  0016                     	;# 
    72  0017                     	;# 
    73  0018                     	;# 
    74  0019                     	;# 
    75  001A                     	;# 
    76  001B                     	;# 
    77  001B                     	;# 
    78  001C                     	;# 
    79  001D                     	;# 
    80  001E                     	;# 
    81  001F                     	;# 
    82  0081                     	;# 
    83  0085                     	;# 
    84  0086                     	;# 
    85  0087                     	;# 
    86  0088                     	;# 
    87  0089                     	;# 
    88  008C                     	;# 
    89  008D                     	;# 
    90  008E                     	;# 
    91  008F                     	;# 
    92  0090                     	;# 
    93  0091                     	;# 
    94  0092                     	;# 
    95  0093                     	;# 
    96  0093                     	;# 
    97  0093                     	;# 
    98  0094                     	;# 
    99  0095                     	;# 
   100  0096                     	;# 
   101  0097                     	;# 
   102  0098                     	;# 
   103  0099                     	;# 
   104  009A                     	;# 
   105  009B                     	;# 
   106  009C                     	;# 
   107  009D                     	;# 
   108  009E                     	;# 
   109  009F                     	;# 
   110  0105                     	;# 
   111  0107                     	;# 
   112  0108                     	;# 
   113  0109                     	;# 
   114  010C                     	;# 
   115  010C                     	;# 
   116  010D                     	;# 
   117  010E                     	;# 
   118  010F                     	;# 
   119  0185                     	;# 
   120  0187                     	;# 
   121  0188                     	;# 
   122  0189                     	;# 
   123  018C                     	;# 
   124  018D                     	;# 
   125  0000                     	;# 
   126  0001                     	;# 
   127  0002                     	;# 
   128  0003                     	;# 
   129  0004                     	;# 
   130  0005                     	;# 
   131  0006                     	;# 
   132  0007                     	;# 
   133  0008                     	;# 
   134  0009                     	;# 
   135  000A                     	;# 
   136  000B                     	;# 
   137  000C                     	;# 
   138  000D                     	;# 
   139  000E                     	;# 
   140  000E                     	;# 
   141  000F                     	;# 
   142  0010                     	;# 
   143  0011                     	;# 
   144  0012                     	;# 
   145  0013                     	;# 
   146  0014                     	;# 
   147  0015                     	;# 
   148  0015                     	;# 
   149  0016                     	;# 
   150  0017                     	;# 
   151  0018                     	;# 
   152  0019                     	;# 
   153  001A                     	;# 
   154  001B                     	;# 
   155  001B                     	;# 
   156  001C                     	;# 
   157  001D                     	;# 
   158  001E                     	;# 
   159  001F                     	;# 
   160  0081                     	;# 
   161  0085                     	;# 
   162  0086                     	;# 
   163  0087                     	;# 
   164  0088                     	;# 
   165  0089                     	;# 
   166  008C                     	;# 
   167  008D                     	;# 
   168  008E                     	;# 
   169  008F                     	;# 
   170  0090                     	;# 
   171  0091                     	;# 
   172  0092                     	;# 
   173  0093                     	;# 
   174  0093                     	;# 
   175  0093                     	;# 
   176  0094                     	;# 
   177  0095                     	;# 
   178  0096                     	;# 
   179  0097                     	;# 
   180  0098                     	;# 
   181  0099                     	;# 
   182  009A                     	;# 
   183  009B                     	;# 
   184  009C                     	;# 
   185  009D                     	;# 
   186  009E                     	;# 
   187  009F                     	;# 
   188  0105                     	;# 
   189  0107                     	;# 
   190  0108                     	;# 
   191  0109                     	;# 
   192  010C                     	;# 
   193  010C                     	;# 
   194  010D                     	;# 
   195  010E                     	;# 
   196  010F                     	;# 
   197  0185                     	;# 
   198  0187                     	;# 
   199  0188                     	;# 
   200  0189                     	;# 
   201  018C                     	;# 
   202  018D                     	;# 
   203  0005                     _PORTA	set	5
   204  0008                     _PORTD	set	8
   205  0006                     _PORTB	set	6
   206  0009                     _PORTE	set	9
   207  0007                     _PORTC	set	7
   208  0006                     _PORTBbits	set	6
   209  000B                     _INTCONbits	set	11
   210  0096                     _IOCB	set	150
   211  0085                     _TRISA	set	133
   212  0088                     _TRISD	set	136
   213  0087                     _TRISC	set	135
   214  0086                     _TRISB	set	134
   215  0089                     _TRISE	set	137
   216  0189                     _ANSELH	set	393
   217  0188                     _ANSEL	set	392
   218                           
   219                           	psect	cinit
   220  000F                     start_initialization:	
   221                           ; #config settings
   222                           
   223  000F                     __initialization:
   224  000F                     end_of_initialization:	
   225                           ;End of C runtime variable initialization code
   226                           
   227  000F                     __end_of__initialization:
   228  000F  0183               	clrf	3
   229  0010  120A  118A  2877   	ljmp	_main	;jump to C main() function
   230                           
   231                           	psect	cstackCOMMON
   232  0070                     __pcstackCOMMON:
   233  0070                     ?_setup:
   234  0070                     ?_ISR:	
   235                           ; 1 bytes @ 0x0
   236                           
   237  0070                     ??_ISR:	
   238                           ; 1 bytes @ 0x0
   239                           
   240  0070                     ?_main:	
   241                           ; 1 bytes @ 0x0
   242                           
   243                           
   244                           ; 1 bytes @ 0x0
   245  0070                     	ds	4
   246  0074                     ??_setup:
   247  0074                     ??_main:	
   248                           ; 1 bytes @ 0x4
   249                           
   250                           
   251                           	psect	maintext
   252  0077                     __pmaintext:	
   253                           ; 1 bytes @ 0x4
   254 ;;
   255 ;;Main: autosize = 0, tempsize = 0, incstack = 0, save=0
   256 ;;
   257 ;; *************** function _main *****************
   258 ;; Defined at:
   259 ;;		line 76 in file "main.c"
   260 ;; Parameters:    Size  Location     Type
   261 ;;		None
   262 ;; Auto vars:     Size  Location     Type
   263 ;;		None
   264 ;; Return value:  Size  Location     Type
   265 ;;                  1    wreg      void 
   266 ;; Registers used:
   267 ;;		wreg, status,2, status,0, pclath, cstack
   268 ;; Tracked objects:
   269 ;;		On entry : B00/0
   270 ;;		On exit  : 0/0
   271 ;;		Unchanged: 0/0
   272 ;; Data sizes:     COMMON   BANK0   BANK1   BANK3   BANK2
   273 ;;      Params:         0       0       0       0       0
   274 ;;      Locals:         0       0       0       0       0
   275 ;;      Temps:          0       0       0       0       0
   276 ;;      Totals:         0       0       0       0       0
   277 ;;Total ram usage:        0 bytes
   278 ;; Hardware stack levels required when called:    2
   279 ;; This function calls:
   280 ;;		_setup
   281 ;; This function is called by:
   282 ;;		Startup code after reset
   283 ;; This function uses a non-reentrant model
   284 ;;
   285                           
   286                           
   287                           ;psect for function _main
   288  0077                     _main:
   289  0077                     l697:	
   290                           ;incstack = 0
   291                           ; Regs used in _main: [wreg+status,2+status,0+pclath+cstack]
   292                           
   293                           
   294                           ;main.c: 78:     setup();
   295  0077  120A  118A  204E  120A  118A  	fcall	_setup
   296  007C                     l49:	
   297                           ;main.c: 84:     while (1) {
   298                           
   299  007C                     l50:	
   300                           ;main.c: 86:     }
   301                           
   302  007C  287C               	goto	l49
   303  007D  120A  118A  280C   	ljmp	start
   304  0080                     __end_of_main:
   305                           
   306                           	psect	text1
   307  004E                     __ptext1:	
   308 ;; *************** function _setup *****************
   309 ;; Defined at:
   310 ;;		line 95 in file "main.c"
   311 ;; Parameters:    Size  Location     Type
   312 ;;		None
   313 ;; Auto vars:     Size  Location     Type
   314 ;;		None
   315 ;; Return value:  Size  Location     Type
   316 ;;                  1    wreg      void 
   317 ;; Registers used:
   318 ;;		wreg, status,2
   319 ;; Tracked objects:
   320 ;;		On entry : 0/0
   321 ;;		On exit  : 0/0
   322 ;;		Unchanged: 0/0
   323 ;; Data sizes:     COMMON   BANK0   BANK1   BANK3   BANK2
   324 ;;      Params:         0       0       0       0       0
   325 ;;      Locals:         0       0       0       0       0
   326 ;;      Temps:          0       0       0       0       0
   327 ;;      Totals:         0       0       0       0       0
   328 ;;Total ram usage:        0 bytes
   329 ;; Hardware stack levels used:    1
   330 ;; Hardware stack levels required when called:    1
   331 ;; This function calls:
   332 ;;		Nothing
   333 ;; This function is called by:
   334 ;;		_main
   335 ;; This function uses a non-reentrant model
   336 ;;
   337                           
   338                           
   339                           ;psect for function _setup
   340  004E                     _setup:
   341  004E                     l647:	
   342                           ;incstack = 0
   343                           ; Regs used in _setup: [wreg+status,2]
   344                           
   345                           
   346                           ;main.c: 99:     TRISE = 0;
   347  004E  1683               	bsf	3,5	;RP0=1, select bank1
   348  004F  1303               	bcf	3,6	;RP1=0, select bank1
   349  0050  0189               	clrf	9	;volatile
   350                           
   351                           ;main.c: 100:     PORTE = 0;
   352  0051  1283               	bcf	3,5	;RP0=0, select bank0
   353  0052  1303               	bcf	3,6	;RP1=0, select bank0
   354  0053  0189               	clrf	9	;volatile
   355                           
   356                           ;main.c: 101:     ANSEL = 0;
   357  0054  1683               	bsf	3,5	;RP0=1, select bank3
   358  0055  1703               	bsf	3,6	;RP1=1, select bank3
   359  0056  0188               	clrf	8	;volatile
   360                           
   361                           ;main.c: 102:     ANSELH = 0;
   362  0057  0189               	clrf	9	;volatile
   363  0058                     l649:
   364                           
   365                           ;main.c: 103:     TRISB = 0b00000011;
   366  0058  3003               	movlw	3
   367  0059  1683               	bsf	3,5	;RP0=1, select bank1
   368  005A  1303               	bcf	3,6	;RP1=0, select bank1
   369  005B  0086               	movwf	6	;volatile
   370  005C                     l651:
   371                           
   372                           ;main.c: 104:     PORTB = 0;
   373  005C  1283               	bcf	3,5	;RP0=0, select bank0
   374  005D  1303               	bcf	3,6	;RP1=0, select bank0
   375  005E  0186               	clrf	6	;volatile
   376  005F                     l653:
   377                           
   378                           ;main.c: 105:     TRISC = 0;
   379  005F  1683               	bsf	3,5	;RP0=1, select bank1
   380  0060  1303               	bcf	3,6	;RP1=0, select bank1
   381  0061  0187               	clrf	7	;volatile
   382  0062                     l655:
   383                           
   384                           ;main.c: 106:     PORTC = 0;
   385  0062  1283               	bcf	3,5	;RP0=0, select bank0
   386  0063  1303               	bcf	3,6	;RP1=0, select bank0
   387  0064  0187               	clrf	7	;volatile
   388  0065                     l657:
   389                           
   390                           ;main.c: 107:     TRISD = 0;
   391  0065  1683               	bsf	3,5	;RP0=1, select bank1
   392  0066  1303               	bcf	3,6	;RP1=0, select bank1
   393  0067  0188               	clrf	8	;volatile
   394  0068                     l659:
   395                           
   396                           ;main.c: 108:     PORTD = 0;
   397  0068  1283               	bcf	3,5	;RP0=0, select bank0
   398  0069  1303               	bcf	3,6	;RP1=0, select bank0
   399  006A  0188               	clrf	8	;volatile
   400  006B                     l661:
   401                           
   402                           ;main.c: 109:     PORTA = 0;
   403  006B  0185               	clrf	5	;volatile
   404  006C                     l663:
   405                           
   406                           ;main.c: 110:     TRISA = 0b00000001;
   407  006C  3001               	movlw	1
   408  006D  1683               	bsf	3,5	;RP0=1, select bank1
   409  006E  1303               	bcf	3,6	;RP1=0, select bank1
   410  006F  0085               	movwf	5	;volatile
   411  0070                     l665:
   412                           
   413                           ;main.c: 112:     INTCONbits.GIE = 1;
   414  0070  178B               	bsf	11,7	;volatile
   415  0071                     l667:
   416                           
   417                           ;main.c: 113:     INTCONbits.RBIE = 1;
   418  0071  158B               	bsf	11,3	;volatile
   419  0072                     l669:
   420                           
   421                           ;main.c: 114:     INTCONbits.RBIF = 0;
   422  0072  100B               	bcf	11,0	;volatile
   423  0073                     l671:
   424                           
   425                           ;main.c: 115:     IOCB = 0b00000011;
   426  0073  3003               	movlw	3
   427  0074  0096               	movwf	22	;volatile
   428  0075                     l673:
   429                           
   430                           ;main.c: 117:     INTCONbits.PEIE = 1;
   431  0075  170B               	bsf	11,6	;volatile
   432  0076                     l55:
   433  0076  0008               	return
   434  0077                     __end_of_setup:
   435                           
   436                           	psect	text2
   437  0013                     __ptext2:	
   438 ;; *************** function _ISR *****************
   439 ;; Defined at:
   440 ;;		line 45 in file "main.c"
   441 ;; Parameters:    Size  Location     Type
   442 ;;		None
   443 ;; Auto vars:     Size  Location     Type
   444 ;;		None
   445 ;; Return value:  Size  Location     Type
   446 ;;                  1    wreg      void 
   447 ;; Registers used:
   448 ;;		wreg, status,2, status,0
   449 ;; Tracked objects:
   450 ;;		On entry : 0/0
   451 ;;		On exit  : 0/0
   452 ;;		Unchanged: 0/0
   453 ;; Data sizes:     COMMON   BANK0   BANK1   BANK3   BANK2
   454 ;;      Params:         0       0       0       0       0
   455 ;;      Locals:         0       0       0       0       0
   456 ;;      Temps:          4       0       0       0       0
   457 ;;      Totals:         4       0       0       0       0
   458 ;;Total ram usage:        4 bytes
   459 ;; Hardware stack levels used:    1
   460 ;; This function calls:
   461 ;;		Nothing
   462 ;; This function is called by:
   463 ;;		Interrupt level 1
   464 ;; This function uses a non-reentrant model
   465 ;;
   466                           
   467                           
   468                           ;psect for function _ISR
   469  0013                     _ISR:
   470  0013                     i1l675:
   471                           
   472                           ;main.c: 46:     if (INTCONbits.RBIF == 1) {
   473  0013  1C0B               	btfss	11,0	;volatile
   474  0014  2816               	goto	u1_21
   475  0015  2817               	goto	u1_20
   476  0016                     u1_21:
   477  0016  2847               	goto	i1l44
   478  0017                     u1_20:
   479  0017                     i1l677:
   480                           
   481                           ;main.c: 48:         if (PORTBbits.RB0 == 0) {
   482  0017  1283               	bcf	3,5	;RP0=0, select bank0
   483  0018  1303               	bcf	3,6	;RP1=0, select bank0
   484  0019  1806               	btfsc	6,0	;volatile
   485  001A  281C               	goto	u2_21
   486  001B  281D               	goto	u2_20
   487  001C                     u2_21:
   488  001C  2831               	goto	i1l687
   489  001D                     u2_20:
   490  001D                     i1l679:
   491                           
   492                           ;main.c: 49:             _delay((unsigned long)((50)*(8000000/4000.0)));
   493  001D  3082               	movlw	130
   494  001E  00F1               	movwf	??_ISR+1
   495  001F  30DD               	movlw	221
   496  0020  00F0               	movwf	??_ISR
   497  0021                     u6_27:
   498  0021  0BF0               	decfsz	??_ISR,f
   499  0022  2821               	goto	u6_27
   500  0023  0BF1               	decfsz	??_ISR+1,f
   501  0024  2821               	goto	u6_27
   502  0025  2826               	nop2
   503  0026                     i1l681:
   504                           
   505                           ;main.c: 50:             if (PORTBbits.RB0 == 1) {
   506  0026  1283               	bcf	3,5	;RP0=0, select bank0
   507  0027  1303               	bcf	3,6	;RP1=0, select bank0
   508  0028  1C06               	btfss	6,0	;volatile
   509  0029  282B               	goto	u3_21
   510  002A  282C               	goto	u3_20
   511  002B                     u3_21:
   512  002B  2831               	goto	i1l687
   513  002C                     u3_20:
   514  002C                     i1l683:
   515                           
   516                           ;main.c: 51:                 PORTC ++;
   517  002C  3001               	movlw	1
   518  002D  00F0               	movwf	??_ISR
   519  002E  0870               	movf	??_ISR,w
   520  002F  0787               	addwf	7,f	;volatile
   521  0030                     i1l685:
   522                           
   523                           ;main.c: 52:                 INTCONbits.RBIF == 0;
   524  0030  080B               	movf	11,w	;volatile
   525  0031                     i1l687:
   526                           
   527                           ;main.c: 55:         if (PORTBbits.RB1 == 0) {
   528  0031  1886               	btfsc	6,1	;volatile
   529  0032  2834               	goto	u4_21
   530  0033  2835               	goto	u4_20
   531  0034                     u4_21:
   532  0034  2847               	goto	i1l44
   533  0035                     u4_20:
   534  0035                     i1l689:
   535                           
   536                           ;main.c: 56:             _delay((unsigned long)((50)*(8000000/4000.0)));
   537  0035  3082               	movlw	130
   538  0036  00F1               	movwf	??_ISR+1
   539  0037  30DD               	movlw	221
   540  0038  00F0               	movwf	??_ISR
   541  0039                     u7_27:
   542  0039  0BF0               	decfsz	??_ISR,f
   543  003A  2839               	goto	u7_27
   544  003B  0BF1               	decfsz	??_ISR+1,f
   545  003C  2839               	goto	u7_27
   546  003D  283E               	nop2
   547  003E                     i1l691:
   548                           
   549                           ;main.c: 57:             if (PORTBbits.RB1 == 1) {
   550  003E  1283               	bcf	3,5	;RP0=0, select bank0
   551  003F  1303               	bcf	3,6	;RP1=0, select bank0
   552  0040  1C86               	btfss	6,1	;volatile
   553  0041  2843               	goto	u5_21
   554  0042  2844               	goto	u5_20
   555  0043                     u5_21:
   556  0043  2847               	goto	i1l44
   557  0044                     u5_20:
   558  0044                     i1l693:
   559                           
   560                           ;main.c: 58:                 PORTC --;
   561  0044  3001               	movlw	1
   562  0045  0287               	subwf	7,f	;volatile
   563  0046                     i1l695:
   564                           
   565                           ;main.c: 59:                 INTCONbits.RBIF == 0;
   566  0046  080B               	movf	11,w	;volatile
   567  0047                     i1l44:
   568  0047  0873               	movf	??_ISR+3,w
   569  0048  008A               	movwf	10
   570  0049  0E72               	swapf	??_ISR+2,w
   571  004A  0083               	movwf	3
   572  004B  0EFE               	swapf	btemp,f
   573  004C  0E7E               	swapf	btemp,w
   574  004D  0009               	retfie
   575  004E                     __end_of_ISR:
   576  007E                     btemp	set	126	;btemp
   577  007E                     wtemp0	set	126
   578                           
   579                           	psect	intentry
   580  0004                     __pintentry:	
   581                           ;incstack = 0
   582                           ; Regs used in _ISR: [wreg+status,2+status,0]
   583                           
   584  0004                     interrupt_function:
   585  007E                     saved_w	set	btemp
   586  0004  00FE               	movwf	btemp
   587  0005  0E03               	swapf	3,w
   588  0006  00F2               	movwf	??_ISR+2
   589  0007  080A               	movf	10,w
   590  0008  00F3               	movwf	??_ISR+3
   591  0009  120A  118A  2813   	ljmp	_ISR
   592                           
   593                           	psect	config
   594                           
   595                           ;Config register CONFIG1 @ 0x2007
   596                           ;	Oscillator Selection bits
   597                           ;	FOSC = XT, XT oscillator: Crystal/resonator on RA6/OSC2/CLKOUT and RA7/OSC1/CLKIN
   598                           ;	Watchdog Timer Enable bit
   599                           ;	WDTE = OFF, WDT disabled and can be enabled by SWDTEN bit of the WDTCON register
   600                           ;	Power-up Timer Enable bit
   601                           ;	PWRTE = OFF, PWRT disabled
   602                           ;	RE3/MCLR pin function select bit
   603                           ;	MCLRE = OFF, RE3/MCLR pin function is digital input, MCLR internally tied to VDD
   604                           ;	Code Protection bit
   605                           ;	CP = OFF, Program memory code protection is disabled
   606                           ;	Data Code Protection bit
   607                           ;	CPD = OFF, Data memory code protection is disabled
   608                           ;	Brown Out Reset Selection bits
   609                           ;	BOREN = OFF, BOR disabled
   610                           ;	Internal External Switchover bit
   611                           ;	IESO = OFF, Internal/External Switchover mode is disabled
   612                           ;	Fail-Safe Clock Monitor Enabled bit
   613                           ;	FCMEN = OFF, Fail-Safe Clock Monitor is disabled
   614                           ;	Low Voltage Programming Enable bit
   615                           ;	LVP = OFF, RB3 pin has digital I/O, HV on MCLR must be used for programming
   616                           ;	In-Circuit Debugger Mode bit
   617                           ;	DEBUG = 0x1, unprogrammed default
   618  2007                     	org	8199
   619  2007  20D1               	dw	8401
   620                           
   621                           ;Config register CONFIG2 @ 0x2008
   622                           ;	Brown-out Reset Selection bit
   623                           ;	BOR4V = BOR40V, Brown-out Reset set to 4.0V
   624                           ;	Flash Program Memory Self Write Enable bits
   625                           ;	WRT = OFF, Write protection off
   626  2008                     	org	8200
   627  2008  3FFF               	dw	16383

Data Sizes:
    Strings     0
    Constant    0
    Data        0
    BSS         0
    Persistent  0
    Stack       0

Auto Spaces:
    Space          Size  Autos    Used
    COMMON           14      4       4
    BANK0            80      0       0
    BANK1            80      0       0
    BANK3            96      0       0
    BANK2            96      0       0

Pointer List with Targets:

    None.

Critical Paths under _main in COMMON

    None.

Critical Paths under _ISR in COMMON

    None.

Critical Paths under _main in BANK0

    None.

Critical Paths under _ISR in BANK0

    None.

Critical Paths under _main in BANK1

    None.

Critical Paths under _ISR in BANK1

    None.

Critical Paths under _main in BANK3

    None.

Critical Paths under _ISR in BANK3

    None.

Critical Paths under _main in BANK2

    None.

Critical Paths under _ISR in BANK2

    None.

Call Graph Tables:

 ---------------------------------------------------------------------------------
 (Depth) Function   	        Calls       Base Space   Used Autos Params    Refs
 ---------------------------------------------------------------------------------
 (0) _main                                                 0     0      0       0
                              _setup
 ---------------------------------------------------------------------------------
 (1) _setup                                                0     0      0       0
 ---------------------------------------------------------------------------------
 Estimated maximum stack depth 1
 ---------------------------------------------------------------------------------
 (Depth) Function   	        Calls       Base Space   Used Autos Params    Refs
 ---------------------------------------------------------------------------------
 (2) _ISR                                                  4     4      0       0
                                              0 COMMON     4     4      0
 ---------------------------------------------------------------------------------
 Estimated maximum stack depth 2
 ---------------------------------------------------------------------------------

 Call Graph Graphs:

 _main (ROOT)
   _setup

 _ISR (ROOT)

 Address spaces:
Name               Size   Autos  Total    Cost      Usage
BITCOMMON            E      0       0       0        0.0%
EEDATA             100      0       0       0        0.0%
NULL                 0      0       0       0        0.0%
CODE                 0      0       0       0        0.0%
COMMON               E      4       4       1       28.6%
BITSFR0              0      0       0       1        0.0%
SFR0                 0      0       0       1        0.0%
BITSFR1              0      0       0       2        0.0%
SFR1                 0      0       0       2        0.0%
STACK                0      0       0       2        0.0%
ABS                  0      0       0       3        0.0%
BITBANK0            50      0       0       4        0.0%
BITSFR3              0      0       0       4        0.0%
SFR3                 0      0       0       4        0.0%
BANK0               50      0       0       5        0.0%
BITSFR2              0      0       0       5        0.0%
SFR2                 0      0       0       5        0.0%
BITBANK1            50      0       0       6        0.0%
BANK1               50      0       0       7        0.0%
BITBANK3            60      0       0       8        0.0%
BANK3               60      0       0       9        0.0%
BITBANK2            60      0       0      10        0.0%
BANK2               60      0       0      11        0.0%
DATA                 0      0       0      12        0.0%


Microchip Technology PIC Macro Assembler V2.31 build 20201012212115 
Symbol Table                                                                                   Mon Feb 01 11:44:24 2021

                     l50 007C                       l55 0076                       l49 007C  
                    l651 005C                      l661 006B                      l653 005F  
                    l671 0073                      l663 006C                      l655 0062  
                    l647 004E                      l673 0075                      l665 0070  
                    l657 0065                      l649 0058                      l667 0071  
                    l659 0068                      l669 0072                      l697 0077  
                    _ISR 0013                     ?_ISR 0070                     _IOCB 0096  
                   i1l44 0047                     u1_20 0017                     u1_21 0016  
                   u2_20 001D                     u2_21 001C                     u3_20 002C  
                   u3_21 002B                     u4_20 0035                     u4_21 0034  
                   u5_20 0044                     u5_21 0043                     u6_27 0021  
                   u7_27 0039                     _main 0077                     btemp 007E  
                   start 000C                    ??_ISR 0070                    ?_main 0070  
                  _ANSEL 0188                    i1l681 0026                    i1l691 003E  
                  i1l683 002C                    i1l675 0013                    i1l693 0044  
                  i1l685 0030                    i1l677 0017                    i1l695 0046  
                  i1l679 001D                    i1l687 0031                    i1l689 0035  
                  _PORTA 0005                    _PORTB 0006                    _PORTC 0007  
                  _PORTD 0008                    _PORTE 0009                    _TRISA 0085  
                  _TRISB 0086                    _TRISC 0087                    _TRISD 0088  
                  _TRISE 0089                    _setup 004E                    pclath 000A  
                  status 0003                    wtemp0 007E          __initialization 000F  
           __end_of_main 0080                   ??_main 0074                   ?_setup 0070  
                 _ANSELH 0189                   saved_w 007E  __end_of__initialization 000F  
         __pcstackCOMMON 0070            __end_of_setup 0077                  ??_setup 0074  
             __pmaintext 0077               __pintentry 0004                  __ptext1 004E  
                __ptext2 0013             __size_of_ISR 003B     end_of_initialization 000F  
              _PORTBbits 0006      start_initialization 000F              __end_of_ISR 004E  
              ___latbits 0002           __size_of_setup 0029        interrupt_function 0004  
          __size_of_main 0009               _INTCONbits 000B                 intlevel1 0000  
